+ ulimit -s hard
+ lib=.
+ '[' '!' -d . ']'
+ '[' functions '!=' '' ']'
+ granularity=functions
+ shift
+ '[' sol '!=' '' ']'
+ language=sol
+ shift
+ '[' '!' -d systems/smart-contracts ']'
+ '[' '!' -s ./txl/sol-extract-functions.txl ']'
+ '[' '!' -x ./txl/sol-extract-functions.x ']'
+ system=systems/smart-contracts
+ '[' '!' -d systems/smart-contracts ']'
+ shift
+ '[' '' '!=' '' ']'
+ select=
+ shift
+ '[' '' '!=' '' ']'
+ ignore=_NO_IGNORE_
+ /bin/rm -rf systems/smart-contracts_functions
+ echo -n
+ date
Fri  9 Aug 2019 02:02:44 EDT
+ echo './txl/sol-extract-functions.x ALL.sol >> systems/smart-contracts_functions.xml'
./txl/sol-extract-functions.x ALL.sol >> systems/smart-contracts_functions.xml
+ result=0
+ IFS='
'
++ find systems/smart-contracts -type f
++ grep ''
++ grep -v _NO_IGNORE_
++ grep '\.sol$'
+ for i in '`find "${system}" -type f | grep "${select}" | grep -v "${ignore}" | grep "\.${language}"'\''$'\''`'
+ source=systems/smart-contracts/_DrSerbiToken.sol
+ '[' sol = c ']'
+ '[' sol = cs ']'
+ '[' sol = py ']'
+ ./txl/sol-extract-functions.x systems/smart-contracts/_DrSerbiToken.sol
+ '[' 0 '!=' 0 ']'
+ for i in '`find "${system}" -type f | grep "${select}" | grep -v "${ignore}" | grep "\.${language}"'\''$'\''`'
+ source=systems/smart-contracts/augur.sol
+ '[' sol = c ']'
+ '[' sol = cs ']'
+ '[' sol = py ']'
+ ./txl/sol-extract-functions.x systems/smart-contracts/augur.sol
+ '[' 0 '!=' 0 ']'
+ for i in '`find "${system}" -type f | grep "${select}" | grep -v "${ignore}" | grep "\.${language}"'\''$'\''`'
+ source=systems/smart-contracts/BNB.sol
+ '[' sol = c ']'
+ '[' sol = cs ']'
+ '[' sol = py ']'
+ ./txl/sol-extract-functions.x systems/smart-contracts/BNB.sol
+ '[' 0 '!=' 0 ']'
+ for i in '`find "${system}" -type f | grep "${select}" | grep -v "${ignore}" | grep "\.${language}"'\''$'\''`'
+ source=systems/smart-contracts/CaptainKitties.sol
+ '[' sol = c ']'
+ '[' sol = cs ']'
+ '[' sol = py ']'
+ ./txl/sol-extract-functions.x systems/smart-contracts/CaptainKitties.sol
+ '[' 0 '!=' 0 ']'
+ for i in '`find "${system}" -type f | grep "${select}" | grep -v "${ignore}" | grep "\.${language}"'\''$'\''`'
+ source=systems/smart-contracts/dai.sol
+ '[' sol = c ']'
+ '[' sol = cs ']'
+ '[' sol = py ']'
+ ./txl/sol-extract-functions.x systems/smart-contracts/dai.sol
+ '[' 0 '!=' 0 ']'
+ for i in '`find "${system}" -type f | grep "${select}" | grep -v "${ignore}" | grep "\.${language}"'\''$'\''`'
+ source=systems/smart-contracts/lambda.sol
+ '[' sol = c ']'
+ '[' sol = cs ']'
+ '[' sol = py ']'
+ ./txl/sol-extract-functions.x systems/smart-contracts/lambda.sol
+ '[' 0 '!=' 0 ']'
+ for i in '`find "${system}" -type f | grep "${select}" | grep -v "${ignore}" | grep "\.${language}"'\''$'\''`'
+ source=systems/smart-contracts/test.sol
+ '[' sol = c ']'
+ '[' sol = cs ']'
+ '[' sol = py ']'
+ ./txl/sol-extract-functions.x systems/smart-contracts/test.sol
+ '[' 0 '!=' 0 ']'
+ for i in '`find "${system}" -type f | grep "${select}" | grep -v "${ignore}" | grep "\.${language}"'\''$'\''`'
+ source=systems/smart-contracts/TrueUSD.sol
+ '[' sol = c ']'
+ '[' sol = cs ']'
+ '[' sol = py ']'
+ ./txl/sol-extract-functions.x systems/smart-contracts/TrueUSD.sol
+ '[' 0 '!=' 0 ']'
+ echo ''

+ date
Fri  9 Aug 2019 02:02:44 EDT
+ echo ''

+ exit 0
Fri  9 Aug 2019 02:02:44 EDT
./tools/streamprocess.x './txl/sol-rename-blind-functions.x stdin' < systems/smart-contracts_functions.xml > systems/smart-contracts_functions-blind.xml

real	0m0.448s
user	0m0.328s
sys	0m0.078s

Fri  9 Aug 2019 02:02:45 EDT

Fri  9 Aug 2019 02:02:45 EDT
./tools/clonepairs.x systems/smart-contracts_functions-blind.xml 0.30 10 2500 > systems/smart-contracts_functions-blind-clones/smart-contracts_functions-blind-clones-0.30.xml
Processing systems/smart-contracts_functions-blind.xml with difference threshold 30%, clone size 10 .. 2500 lines
Reading pcs . done.
Total 493/7200000 potential clones of 10 lines or more
Used 310/120000000 total pc lines
Used 60558/720000000 unique line text chars
 and 879/14400000 unique lines
Sorting pcs . done.
Finding clones  done.
Total 43 pc comparisons
Pruning embedded clone pairs .. done.
Pruned 0 embedded clone pairs
Found 1 clone pairs
Generating XML output . done.


real	0m0.123s
user	0m0.024s
sys	0m0.043s

Fri  9 Aug 2019 02:02:45 EDT

Fri  9 Aug 2019 02:02:45 EDT
./tools/cloneclasses.x systems/smart-contracts_functions-blind-clones/smart-contracts_functions-blind-clones-0.30.xml > systems/smart-contracts_functions-blind-clones/smart-contracts_functions-blind-clones-0.30-classes.xml
Processing systems/smart-contracts_functions-blind-clones/smart-contracts_functions-blind-clones-0.30.xml
Reading clone pairs . done.
Total 1 pairs
Sorting pairs . done.
Indexing pairs . done.
Computing classes . done.
Clustered clone pairs into 1 classes
Generating XML output . done.


real	0m0.103s
user	0m0.031s
sys	0m0.061s

Fri  9 Aug 2019 02:02:45 EDT

Fri  9 Aug 2019 02:02:45 EDT
./tools/getsource.x systems/smart-contracts_functions-blind-clones/smart-contracts_functions-blind-clones-0.30-classes.xml systems/smart-contracts_functions-blind-clones/smart-contracts_functions-blind-clones-0.30-classes-withsource.xml
systems/smart-contracts_functions-blind-clones/smart-contracts_functions-blind-clones-0.30-classes.xml
<clones>
<systeminfo processor="nicad5" system="smart-contracts" granularity="functions-blind" threshold="30%" minlines="10" maxlines="2500"/>
<cloneinfo npcs="493" npairs="1"/>
<runinfo ncompares="43" cputime="60858"/>
<classinfo nclasses="1"/>

<class classid="1" nclones="2" nlines="11" similarity="90">
<source file="systems/smart-contracts/augur.sol" startline="593" endline="601" pcid="149"></source>
<source file="systems/smart-contracts/augur.sol" startline="601" endline="609" pcid="150"></source>
</class>

</clones>

real	0m0.015s
user	0m0.003s
sys	0m0.004s

Fri  9 Aug 2019 02:02:45 EDT

+ ulimit -s hard
+ lib=.
+ '[' '!' -d . ']'
+ date
Fri  9 Aug 2019 02:02:45 EDT
+ IFS='
'
+ for clonesfile in '$*'
+ '[' '!' -f systems/smart-contracts_functions-blind-clones/smart-contracts_functions-blind-clones-0.30-classes-withsource.xml ']'
+ basename=systems/smart-contracts_functions-blind-clones/smart-contracts_functions-blind-clones-0.30-classes-withsource
+ echo './tools/tohtmlpairs.x systems/smart-contracts_functions-blind-clones/smart-contracts_functions-blind-clones-0.30-classes-withsource.xml systems/smart-contracts_functions-blind-clones/smart-contracts_functions-blind-clones-0.30-classes-withsource.html'
./tools/tohtmlpairs.x systems/smart-contracts_functions-blind-clones/smart-contracts_functions-blind-clones-0.30-classes-withsource.xml systems/smart-contracts_functions-blind-clones/smart-contracts_functions-blind-clones-0.30-classes-withsource.html
+ ./tools/tohtmlpairs.x systems/smart-contracts_functions-blind-clones/smart-contracts_functions-blind-clones-0.30-classes-withsource.xml systems/smart-contracts_functions-blind-clones/smart-contracts_functions-blind-clones-0.30-classes-withsource.html

real	0m0.012s
user	0m0.003s
sys	0m0.004s
+ result=0
+ '[' 0 '!=' 0 ']'
+ echo ''

+ date
Fri  9 Aug 2019 02:02:45 EDT
+ echo ''

+ exit 0
